<?xml version="1.0" encoding="UTF-8"?>
<configuration class="rs.baselib.configuration.ConfigTestObject">
	<!-- Configuration of test object -->
	<name>a value</name>
	<int>5</int>
	
	<!-- Additional test parameters -->
	<paramTest>
		<param name="aParameter1">value1</param>
		<param name="aParameter2">value2</param>
	</paramTest>
</configuration>